<?xml version="1.0" encoding="UTF-8"?>
<testng-results skipped="0" failed="0" total="1" passed="1">
  <reporter-output>
  </reporter-output>
  <suite name="Suite" duration-ms="21244" started-at="2020-02-25T20:51:55Z" finished-at="2020-02-25T20:52:16Z">
    <groups>
    </groups>
    <test name="Test" duration-ms="21244" started-at="2020-02-25T20:51:55Z" finished-at="2020-02-25T20:52:16Z">
      <class name="SFDCLogin">
        <test-method status="PASS" signature="Initialize()[pri:0, instance:SFDCLogin@6a41eaa2]" name="Initialize" is-config="true" duration-ms="4658" started-at="2020-02-25T12:51:55Z" finished-at="2020-02-25T12:52:00Z">
          <reporter-output>
          </reporter-output>
        </test-method> <!-- Initialize -->
        <test-method status="PASS" signature="LoginToSF2()[pri:1, instance:SFDCLogin@6a41eaa2]" name="LoginToSF2" duration-ms="15605" started-at="2020-02-25T12:52:00Z" description="LoginToSF_Test2" finished-at="2020-02-25T12:52:15Z">
          <reporter-output>
          </reporter-output>
        </test-method> <!-- LoginToSF2 -->
        <test-method status="PASS" signature="CloseTest()[pri:0, instance:SFDCLogin@6a41eaa2]" name="CloseTest" is-config="true" duration-ms="954" started-at="2020-02-25T12:52:15Z" finished-at="2020-02-25T12:52:16Z">
          <reporter-output>
          </reporter-output>
        </test-method> <!-- CloseTest -->
      </class> <!-- SFDCLogin -->
    </test> <!-- Test -->
  </suite> <!-- Suite -->
</testng-results>
